CreateFile=C:\Program Files\BricxCC\License.txt
CreateFile_PM=C:\Documents and Settings\Shea\Start Menu\Programs\Bricx Command Center\NQC Guide.lnk
CreateFile_PM=C:\Documents and Settings\Shea\Start Menu\Programs\Bricx Command Center\NXC Guide.lnk
CreateFile_PM=C:\Documents and Settings\Shea\Start Menu\Programs\Bricx Command Center\BricxCC Help.lnk
CreateFile_PM=C:\Documents and Settings\Shea\Start Menu\Programs\Bricx Command Center\Bricx Command Center.lnk
CreateFolder_PM=C:\Documents and Settings\Shea\Start Menu\Programs\Bricx Command Center
CreateFile=C:\Program Files\BricxCC\Spybot\SpyGlobals.nqh
CreateFile=C:\Program Files\BricxCC\Spybot\SpyEvents.nqh
CreateFile=C:\Program Files\BricxCC\Spybot\SpyEngine.nqh
CreateFile=C:\Program Files\BricxCC\Spybot\SpyDefaultProgram.rcx
CreateFile=C:\Program Files\BricxCC\Spybot\SpyDefaultProgram.nqc
CreateFile=C:\Program Files\BricxCC\Spybot\SpyBeads.nqh
CreateFile=C:\Program Files\BricxCC\Spybot\SpyInteraction.nqh
CreateFile=C:\Program Files\BricxCC\Documentation\nxc_tutorial_code.zip
CreateFile=C:\Program Files\BricxCC\Documentation\NXC_tutorial.pdf
CreateFile=C:\Program Files\BricxCC\Documentation\NXC_Guide.pdf
CreateFile=C:\Program Files\BricxCC\Documentation\NBC_Guide.pdf
CreateFile=C:\Program Files\BricxCC\Documentation\NBC_tutorial.pdf
CreateFile=C:\Program Files\BricxCC\Documentation\tutorial-0.02.zip
CreateFile=C:\Program Files\BricxCC\lms_arm_nbcnxc_131.rfw
CreateFile=C:\Program Files\BricxCC\lms_arm_nbcnxc_107.rfw
CreateFile=C:\Program Files\BricxCC\nbc.exe
CreateFile=C:\Program Files\BricxCC\Documentation\Samples\NXC\12_wait.nxc
CreateFile=C:\Program Files\BricxCC\Documentation\Samples\NXC\12_timers.nxc
CreateFile=C:\Program Files\BricxCC\Documentation\Samples\NXC\10_wrong.nxc
CreateFile=C:\Program Files\BricxCC\Documentation\Samples\NXC\10_stopping.nxc
CreateFile=C:\Program Files\BricxCC\Documentation\Samples\NXC\10_semaphore.nxc
CreateFile=C:\Program Files\BricxCC\Documentation\Samples\NXC\9_rotation.nxc
CreateFile=C:\Program Files\BricxCC\Documentation\Samples\NXC\9_proximity.nxc
CreateFile=C:\Program Files\BricxCC\Documentation\Samples\NXC\9_multiple.nxc
CreateFile=C:\Program Files\BricxCC\Documentation\Samples\NXC\9_mode.nxc
CreateFile=C:\Program Files\BricxCC\Documentation\Samples\NXC\8_speeds.nxc
CreateFile=C:\Program Files\BricxCC\Documentation\Samples\NXC\8_float.nxc
CreateFile=C:\Program Files\BricxCC\Documentation\Samples\NXC\8_commands.nxc
CreateFile=C:\Program Files\BricxCC\Documentation\Samples\NXC\7_sounds.nxc
CreateFile=C:\Program Files\BricxCC\Documentation\Samples\NXC\7_music.nxc
CreateFile=C:\Program Files\BricxCC\Documentation\Samples\NXC\7_drive_music.nxc
CreateFile=C:\Program Files\BricxCC\Documentation\Samples\NXC\6_tasks.nxc
CreateFile=C:\Program Files\BricxCC\Documentation\Samples\NXC\6_subs.nxc
CreateFile=C:\Program Files\BricxCC\Documentation\Samples\NXC\6_inline.nxc
CreateFile=C:\Program Files\BricxCC\Documentation\Samples\NXC\6_inline2.nxc
CreateFile=C:\Program Files\BricxCC\Documentation\Samples\NXC\6_define_b.nxc
CreateFile=C:\Program Files\BricxCC\Documentation\Samples\NXC\6_define_a.nxc
CreateFile=C:\Program Files\BricxCC\Documentation\Samples\NXC\5_wait.nxc
CreateFile=C:\Program Files\BricxCC\Documentation\Samples\NXC\5_touch.nxc
CreateFile=C:\Program Files\BricxCC\Documentation\Samples\NXC\5_light.nxc
CreateFile=C:\Program Files\BricxCC\Documentation\Samples\NXC\4_if.nxc
CreateFile=C:\Program Files\BricxCC\Documentation\Samples\NXC\4_do.nxc
CreateFile=C:\Program Files\BricxCC\Documentation\Samples\NXC\3_variables.nxc
CreateFile=C:\Program Files\BricxCC\Documentation\Samples\NXC\3_spiral.nxc
CreateFile=C:\Program Files\BricxCC\Documentation\Samples\NXC\3_random.nxc
CreateFile=C:\Program Files\BricxCC\Documentation\Samples\NXC\2_turn_b.nxc
CreateFile=C:\Program Files\BricxCC\Documentation\Samples\NXC\2_turn_a.nxc
CreateFile=C:\Program Files\BricxCC\Documentation\Samples\NXC\2_repeat_c.nxc
CreateFile=C:\Program Files\BricxCC\Documentation\Samples\NXC\2_repeat_b.nxc
CreateFile=C:\Program Files\BricxCC\Documentation\Samples\NXC\2_repeat_a.nxc
CreateFile=C:\Program Files\BricxCC\Documentation\Samples\NXC\1_test.nxc
CreateFile=C:\Program Files\BricxCC\Documentation\Samples\NXC\1_speed.nxc
CreateFile=C:\Program Files\BricxCC\Documentation\Samples\NXC\1_simple.nxc
CreateFile=C:\Program Files\BricxCC\Documentation\Samples\NXC\1_errors.nxc
CreateFile=C:\Program Files\BricxCC\Documentation\Samples\LASM\test_find2.asm
CreateFile=C:\Program Files\BricxCC\Documentation\Samples\LASM\test2.asm
CreateFile=C:\Program Files\BricxCC\Documentation\Samples\LASM\spytest.asm
CreateFile=C:\Program Files\BricxCC\Documentation\Samples\LASM\song3.asm
CreateFile=C:\Program Files\BricxCC\Documentation\Samples\LASM\simple.asm
CreateFile=C:\Program Files\BricxCC\Documentation\Samples\LASM\jch.asm
CreateFile=C:\Program Files\BricxCC\Documentation\Samples\LASM\await.asm
CreateFile=C:\Program Files\BricxCC\Documentation\Samples\LASM\atone.asm
CreateFile=C:\Program Files\BricxCC\Documentation\Samples\LASM\atimer.asm
CreateFile=C:\Program Files\BricxCC\Documentation\Samples\LASM\ascale.asm
CreateFile=C:\Program Files\BricxCC\Documentation\Samples\LASM\amotor.asm
CreateFile=C:\Program Files\BricxCC\Documentation\Samples\LASM\alcd.asm
CreateFile=C:\Program Files\BricxCC\Documentation\Samples\LASM\12_watch.asm
CreateFile=C:\Program Files\BricxCC\Documentation\Samples\LASM\12_wait.asm
CreateFile=C:\Program Files\BricxCC\Documentation\Samples\LASM\12_timers.asm
CreateFile=C:\Program Files\BricxCC\Documentation\Samples\LASM\12_display.asm
CreateFile=C:\Program Files\BricxCC\Documentation\Samples\LASM\12_datalog.asm
CreateFile=C:\Program Files\BricxCC\Documentation\Samples\LASM\11_slave.asm
CreateFile=C:\Program Files\BricxCC\Documentation\Samples\LASM\11_master.asm
CreateFile=C:\Program Files\BricxCC\Documentation\Samples\LASM\11_leader.asm
CreateFile=C:\Program Files\BricxCC\Documentation\Samples\LASM\11_acknowledge.asm
CreateFile=C:\Program Files\BricxCC\Documentation\Samples\LASM\10_wrong.asm
CreateFile=C:\Program Files\BricxCC\Documentation\Samples\LASM\10_stopping.asm
CreateFile=C:\Program Files\BricxCC\Documentation\Samples\LASM\10_semaphore.asm
CreateFile=C:\Program Files\BricxCC\Documentation\Samples\LASM\9_rotation.asm
CreateFile=C:\Program Files\BricxCC\Documentation\Samples\LASM\9_proximity.asm
CreateFile=C:\Program Files\BricxCC\Documentation\Samples\LASM\9_multiple.asm
CreateFile=C:\Program Files\BricxCC\Documentation\Samples\LASM\9_mode.asm
CreateFile=C:\Program Files\BricxCC\Documentation\Samples\LASM\8_speeds.asm
CreateFile=C:\Program Files\BricxCC\Documentation\Samples\LASM\8_float.asm
CreateFile=C:\Program Files\BricxCC\Documentation\Samples\LASM\8_commands.asm
CreateFile=C:\Program Files\BricxCC\Documentation\Samples\LASM\7_sounds.asm
CreateFile=C:\Program Files\BricxCC\Documentation\Samples\LASM\7_music.asm
CreateFile=C:\Program Files\BricxCC\Documentation\Samples\LASM\7_drive_music.asm
CreateFile=C:\Program Files\BricxCC\Documentation\Samples\LASM\6_tasks.asm
CreateFile=C:\Program Files\BricxCC\Documentation\Samples\LASM\6_subs.asm
CreateFile=C:\Program Files\BricxCC\Documentation\Samples\LASM\6_inline.asm
CreateFile=C:\Program Files\BricxCC\Documentation\Samples\LASM\6_inline2.asm
CreateFile=C:\Program Files\BricxCC\Documentation\Samples\LASM\6_define_b.asm
CreateFile=C:\Program Files\BricxCC\Documentation\Samples\LASM\6_define_a.asm
CreateFile=C:\Program Files\BricxCC\Documentation\Samples\LASM\5_wait.asm
CreateFile=C:\Program Files\BricxCC\Documentation\Samples\LASM\5_touch.asm
CreateFile=C:\Program Files\BricxCC\Documentation\Samples\LASM\5_light.asm
CreateFile=C:\Program Files\BricxCC\Documentation\Samples\LASM\4_if.asm
CreateFile=C:\Program Files\BricxCC\Documentation\Samples\LASM\4_do.asm
CreateFile=C:\Program Files\BricxCC\Documentation\Samples\LASM\3_variables.asm
CreateFile=C:\Program Files\BricxCC\Documentation\Samples\LASM\3_spiral.asm
CreateFile=C:\Program Files\BricxCC\Documentation\Samples\LASM\3_random.asm
CreateFile=C:\Program Files\BricxCC\Documentation\Samples\LASM\2_turn_b.asm
CreateFile=C:\Program Files\BricxCC\Documentation\Samples\LASM\2_turn_a.asm
CreateFile=C:\Program Files\BricxCC\Documentation\Samples\LASM\2_repeat_c.asm
CreateFile=C:\Program Files\BricxCC\Documentation\Samples\LASM\2_repeat_b.asm
CreateFile=C:\Program Files\BricxCC\Documentation\Samples\LASM\2_repeat_a.asm
CreateFile=C:\Program Files\BricxCC\Documentation\Samples\LASM\1_test.asm
CreateFile=C:\Program Files\BricxCC\Documentation\Samples\LASM\1_speed.asm
CreateFile=C:\Program Files\BricxCC\Documentation\Samples\LASM\1_simple.asm
CreateFile=C:\Program Files\BricxCC\Documentation\Samples\MindScript\testscan.rcx2
CreateFile=C:\Program Files\BricxCC\Documentation\Samples\MindScript\TestRCX2.rcx2
CreateFile=C:\Program Files\BricxCC\Documentation\Samples\MindScript\test_hdrs.lsc
CreateFile=C:\Program Files\BricxCC\Documentation\Samples\MindScript\test_find.lsc
CreateFile=C:\Program Files\BricxCC\Documentation\Samples\MindScript\test_find2.lsc
CreateFile=C:\Program Files\BricxCC\Documentation\Samples\MindScript\test_a.rcx2
CreateFile=C:\Program Files\BricxCC\Documentation\Samples\MindScript\test.rcx2
CreateFile=C:\Program Files\BricxCC\Documentation\Samples\MindScript\test5.rcx2
CreateFile=C:\Program Files\BricxCC\Documentation\Samples\MindScript\test5.lsc
CreateFile=C:\Program Files\BricxCC\Documentation\Samples\MindScript\test4.rcx2
CreateFile=C:\Program Files\BricxCC\Documentation\Samples\MindScript\test3.rcx2
CreateFile=C:\Program Files\BricxCC\Documentation\Samples\MindScript\test1.lsc
CreateFile=C:\Program Files\BricxCC\Documentation\Samples\MindScript\SpyRcv.rcx2
CreateFile=C:\Program Files\BricxCC\Documentation\Samples\MindScript\SpyDefaultProgram.lsc
CreateFile=C:\Program Files\BricxCC\Documentation\Samples\MindScript\SpyData.lsc
CreateFile=C:\Program Files\BricxCC\Documentation\Samples\MindScript\SpyCmds.rcx2
CreateFile=C:\Program Files\BricxCC\Documentation\Samples\MindScript\SpybotMissionTemplate.rcx2
CreateFile=C:\Program Files\BricxCC\Documentation\Samples\MindScript\SpybotMissionDemo.rcx2
CreateFile=C:\Program Files\BricxCC\Documentation\Samples\MindScript\spy_eeprom.lsc
CreateFile=C:\Program Files\BricxCC\Documentation\Samples\MindScript\RCXVLL2Spy.rcx2
CreateFile=C:\Program Files\BricxCC\Documentation\Samples\MindScript\PostDemo.lsc
CreateFile=C:\Program Files\BricxCC\Documentation\Samples\MindScript\midi.lsc
CreateFile=C:\Program Files\BricxCC\Documentation\Samples\MindScript\FindDemo.lsc
CreateFile=C:\Program Files\BricxCC\Documentation\Samples\MindScript\factorial.lsc
CreateFile=C:\Program Files\BricxCC\Documentation\Samples\MindScript\builtin.rcx2
CreateFile=C:\Program Files\BricxCC\Documentation\Samples\MindScript\Avoider.rcx2
CreateFile=C:\Program Files\BricxCC\Documentation\Samples\MindScript\Avoider2.rcx2
CreateFile=C:\Program Files\BricxCC\Documentation\Samples\MindScript\ulk.lsc
CreateFile=C:\Program Files\BricxCC\Documentation\Samples\NQC\wait_timing.nqc
CreateFile=C:\Program Files\BricxCC\Documentation\Samples\NQC\testscan.nqc
CreateFile=C:\Program Files\BricxCC\Documentation\Samples\NQC\test_spybot_radar.nqc
CreateFile=C:\Program Files\BricxCC\Documentation\Samples\NQC\test_hdrs.nqc
CreateFile=C:\Program Files\BricxCC\Documentation\Samples\NQC\test_find.nqc
CreateFile=C:\Program Files\BricxCC\Documentation\Samples\NQC\test.nqc
CreateFile=C:\Program Files\BricxCC\Documentation\Samples\NQC\test44.nqc
CreateFile=C:\Program Files\BricxCC\Documentation\Samples\NQC\test2.nqc
CreateFile=C:\Program Files\BricxCC\Documentation\Samples\NQC\temp.nqc
CreateFile=C:\Program Files\BricxCC\Documentation\Samples\NQC\swan1.nqc
CreateFile=C:\Program Files\BricxCC\Documentation\Samples\NQC\spytest.nqc
CreateFile=C:\Program Files\BricxCC\Documentation\Samples\NQC\SpySetEEPROM.nqc
CreateFile=C:\Program Files\BricxCC\Documentation\Samples\NQC\SpySensor.nqc
CreateFile=C:\Program Files\BricxCC\Documentation\Samples\NQC\SpyRcv.nqc
CreateFile=C:\Program Files\BricxCC\Documentation\Samples\NQC\spymanas.nqc
CreateFile=C:\Program Files\BricxCC\Documentation\Samples\NQC\SpyFindWorld.nqc
CreateFile=C:\Program Files\BricxCC\Documentation\Samples\NQC\SpyDebug.nqc
CreateFile=C:\Program Files\BricxCC\Documentation\Samples\NQC\SpybotSpeed.nqc
CreateFile=C:\Program Files\BricxCC\Documentation\Samples\NQC\spybead.nqc
CreateFile=C:\Program Files\BricxCC\Documentation\Samples\NQC\spy_tx_msg.nqc
CreateFile=C:\Program Files\BricxCC\Documentation\Samples\NQC\spy_test.nqc
CreateFile=C:\Program Files\BricxCC\Documentation\Samples\NQC\spy_1.nqc
CreateFile=C:\Program Files\BricxCC\Documentation\Samples\NQC\song3.nqc
CreateFile=C:\Program Files\BricxCC\Documentation\Samples\NQC\song2.nqc
CreateFile=C:\Program Files\BricxCC\Documentation\Samples\NQC\small.nqc
CreateFile=C:\Program Files\BricxCC\Documentation\Samples\NQC\simple.nqc
CreateFile=C:\Program Files\BricxCC\Documentation\Samples\NQC\scout_Test.nqc
CreateFile=C:\Program Files\BricxCC\Documentation\Samples\NQC\RomSub1.nqc
CreateFile=C:\Program Files\BricxCC\Documentation\Samples\NQC\repeat.nqc
CreateFile=C:\Program Files\BricxCC\Documentation\Samples\NQC\RCXIR2Spy.nqc
CreateFile=C:\Program Files\BricxCC\Documentation\Samples\NQC\rcx_spyping.nqc
CreateFile=C:\Program Files\BricxCC\Documentation\Samples\NQC\rcx2spy.nqc
CreateFile=C:\Program Files\BricxCC\Documentation\Samples\NQC\proximity.nqc
CreateFile=C:\Program Files\BricxCC\Documentation\Samples\NQC\philo.nqc
CreateFile=C:\Program Files\BricxCC\Documentation\Samples\NQC\philo3.nqc
CreateFile=C:\Program Files\BricxCC\Documentation\Samples\NQC\philo2.nqc
CreateFile=C:\Program Files\BricxCC\Documentation\Samples\NQC\manas.nqc
CreateFile=C:\Program Files\BricxCC\Documentation\Samples\NQC\line.nqc
CreateFile=C:\Program Files\BricxCC\Documentation\Samples\NQC\libvll.nqc
CreateFile=C:\Program Files\BricxCC\Documentation\Samples\NQC\john simple.nqc
CreateFile=C:\Program Files\BricxCC\Documentation\Samples\NQC\indirect.nqc
CreateFile=C:\Program Files\BricxCC\Documentation\Samples\NQC\inc_a.nqc
CreateFile=C:\Program Files\BricxCC\Documentation\Samples\NQC\hanoi.nqc
CreateFile=C:\Program Files\BricxCC\Documentation\Samples\NQC\float test.nqc
CreateFile=C:\Program Files\BricxCC\Documentation\Samples\NQC\DuckPro.nqc
CreateFile=C:\Program Files\BricxCC\Documentation\Samples\NQC\clock_debug.nqc
CreateFile=C:\Program Files\BricxCC\Documentation\Samples\NQC\clock1.nqc
CreateFile=C:\Program Files\BricxCC\Documentation\Samples\NQC\clearvar.nqc
CreateFile=C:\Program Files\BricxCC\Documentation\Samples\NQC\builtin.nqc
CreateFile=C:\Program Files\BricxCC\Documentation\Samples\NQC\Boatman1.nqc
CreateFile=C:\Program Files\BricxCC\Documentation\Samples\NQC\blech.nqc
CreateFile=C:\Program Files\BricxCC\Documentation\Samples\NQC\beeper.nqc
CreateFile=C:\Program Files\BricxCC\Documentation\Samples\NQC\beeper4.nqc
CreateFile=C:\Program Files\BricxCC\Documentation\Samples\NQC\beeper3.nqc
CreateFile=C:\Program Files\BricxCC\Documentation\Samples\NQC\beeper2.nqc
CreateFile=C:\Program Files\BricxCC\Documentation\Samples\NQC\walker1.nqc
CreateFile=C:\Program Files\BricxCC\Documentation\Samples\NBC\12_watch.nbc
CreateFile=C:\Program Files\BricxCC\Documentation\Samples\NBC\12_wait.nbc
CreateFile=C:\Program Files\BricxCC\Documentation\Samples\NBC\12_timers.nbc
CreateFile=C:\Program Files\BricxCC\Documentation\Samples\NBC\12_display.nbc
CreateFile=C:\Program Files\BricxCC\Documentation\Samples\NBC\12_datalog.nbc
CreateFile=C:\Program Files\BricxCC\Documentation\Samples\NBC\11_slave.nbc
CreateFile=C:\Program Files\BricxCC\Documentation\Samples\NBC\11_master.nbc
CreateFile=C:\Program Files\BricxCC\Documentation\Samples\NBC\11_leader.nbc
CreateFile=C:\Program Files\BricxCC\Documentation\Samples\NBC\11_acknowledge.nbc
CreateFile=C:\Program Files\BricxCC\Documentation\Samples\NBC\10_wrong.nbc
CreateFile=C:\Program Files\BricxCC\Documentation\Samples\NBC\10_stopping.nbc
CreateFile=C:\Program Files\BricxCC\Documentation\Samples\NBC\10_semaphore.nbc
CreateFile=C:\Program Files\BricxCC\Documentation\Samples\NBC\9_rotation.nbc
CreateFile=C:\Program Files\BricxCC\Documentation\Samples\NBC\9_proximity.nbc
CreateFile=C:\Program Files\BricxCC\Documentation\Samples\NBC\9_multiple.nbc
CreateFile=C:\Program Files\BricxCC\Documentation\Samples\NBC\9_mode.nbc
CreateFile=C:\Program Files\BricxCC\Documentation\Samples\NBC\8_speeds.nbc
CreateFile=C:\Program Files\BricxCC\Documentation\Samples\NBC\8_float.nbc
CreateFile=C:\Program Files\BricxCC\Documentation\Samples\NBC\8_commands.nbc
CreateFile=C:\Program Files\BricxCC\Documentation\Samples\NBC\7_sounds.nbc
CreateFile=C:\Program Files\BricxCC\Documentation\Samples\NBC\7_music.nbc
CreateFile=C:\Program Files\BricxCC\Documentation\Samples\NBC\7_drive_music.nbc
CreateFile=C:\Program Files\BricxCC\Documentation\Samples\NBC\6_tasks.nbc
CreateFile=C:\Program Files\BricxCC\Documentation\Samples\NBC\6_subs.nbc
CreateFile=C:\Program Files\BricxCC\Documentation\Samples\NBC\6_inline.nbc
CreateFile=C:\Program Files\BricxCC\Documentation\Samples\NBC\6_inline2.nbc
CreateFile=C:\Program Files\BricxCC\Documentation\Samples\NBC\6_define_b.nbc
CreateFile=C:\Program Files\BricxCC\Documentation\Samples\NBC\6_define_a.nbc
CreateFile=C:\Program Files\BricxCC\Documentation\Samples\NBC\5_wait.nbc
CreateFile=C:\Program Files\BricxCC\Documentation\Samples\NBC\5_touch.nbc
CreateFile=C:\Program Files\BricxCC\Documentation\Samples\NBC\5_light.nbc
CreateFile=C:\Program Files\BricxCC\Documentation\Samples\NBC\4_if.nbc
CreateFile=C:\Program Files\BricxCC\Documentation\Samples\NBC\4_do.nbc
CreateFile=C:\Program Files\BricxCC\Documentation\Samples\NBC\3_variables.nbc
CreateFile=C:\Program Files\BricxCC\Documentation\Samples\NBC\3_spiral.nbc
CreateFile=C:\Program Files\BricxCC\Documentation\Samples\NBC\3_random.nbc
CreateFile=C:\Program Files\BricxCC\Documentation\Samples\NBC\2_turn_b.nbc
CreateFile=C:\Program Files\BricxCC\Documentation\Samples\NBC\2_turn_a.nbc
CreateFile=C:\Program Files\BricxCC\Documentation\Samples\NBC\2_repeat_c.nbc
CreateFile=C:\Program Files\BricxCC\Documentation\Samples\NBC\2_repeat_b.nbc
CreateFile=C:\Program Files\BricxCC\Documentation\Samples\NBC\2_repeat_a.nbc
CreateFile=C:\Program Files\BricxCC\Documentation\Samples\NBC\1_test.nbc
CreateFile=C:\Program Files\BricxCC\Documentation\Samples\NBC\1_speed.nbc
CreateFile=C:\Program Files\BricxCC\Documentation\Samples\NBC\1_simple.nbc
CreateFile=C:\Program Files\BricxCC\Documentation\Samples\NBC\simple.nbc
CreateFile=C:\Program Files\BricxCC\Documentation\Samples\song.pas
CreateFile=C:\Program Files\BricxCC\Documentation\Samples\song3.c
CreateFile=C:\Program Files\BricxCC\Documentation\Samples\song2a.pas
CreateFile=C:\Program Files\BricxCC\Documentation\Samples\song2.pas
CreateFile=C:\Program Files\BricxCC\Documentation\Samples\song2.c
CreateFile=C:\Program Files\BricxCC\Documentation\Samples\ptest.pas
CreateFile=C:\Program Files\BricxCC\Documentation\Samples\mathtest.c
CreateFile=C:\Program Files\BricxCC\Documentation\Samples\math.h
CreateFile=C:\Program Files\BricxCC\Documentation\Samples\math.c
CreateFile=C:\Program Files\BricxCC\Documentation\Samples\input.4th
CreateFile=C:\Program Files\BricxCC\Documentation\Samples\helloworld.cpp
CreateFile=C:\Program Files\BricxCC\Documentation\Samples\test.cpp
CreateFile=C:\Program Files\BricxCC\Documentation\NQC_Tutorial.pdf
CreateFile=C:\Program Files\BricxCC\Documentation\NQC_Manual.pdf
CreateFile=C:\Program Files\BricxCC\Documentation\NQC_Guide.pdf
CreateFile=C:\Program Files\BricxCC\Examples\9_rotation.nqc
CreateFile=C:\Program Files\BricxCC\Examples\9_proximity.nqc
CreateFile=C:\Program Files\BricxCC\Examples\9_multiple.nqc
CreateFile=C:\Program Files\BricxCC\Examples\9_mode.nqc
CreateFile=C:\Program Files\BricxCC\Examples\8_speeds.nqc
CreateFile=C:\Program Files\BricxCC\Examples\8_float.nqc
CreateFile=C:\Program Files\BricxCC\Examples\8_commands.nqc
CreateFile=C:\Program Files\BricxCC\Examples\7_sounds.nqc
CreateFile=C:\Program Files\BricxCC\Examples\7_music.nqc
CreateFile=C:\Program Files\BricxCC\Examples\7_drive_music.nqc
CreateFile=C:\Program Files\BricxCC\Examples\6_tasks.nqc
CreateFile=C:\Program Files\BricxCC\Examples\6_subs.nqc
CreateFile=C:\Program Files\BricxCC\Examples\6_inline2.nqc
CreateFile=C:\Program Files\BricxCC\Examples\6_inline.nqc
CreateFile=C:\Program Files\BricxCC\Examples\6_define_b.nqc
CreateFile=C:\Program Files\BricxCC\Examples\6_define_a.nqc
CreateFile=C:\Program Files\BricxCC\Examples\5_wait.nqc
CreateFile=C:\Program Files\BricxCC\Examples\5_touch.nqc
CreateFile=C:\Program Files\BricxCC\Examples\5_light.nqc
CreateFile=C:\Program Files\BricxCC\Examples\4_if.nqc
CreateFile=C:\Program Files\BricxCC\Examples\4_do.nqc
CreateFile=C:\Program Files\BricxCC\Examples\3_variables.nqc
CreateFile=C:\Program Files\BricxCC\Examples\3_spiral.nqc
CreateFile=C:\Program Files\BricxCC\Examples\3_random.nqc
CreateFile=C:\Program Files\BricxCC\Examples\2_turn_b.nqc
CreateFile=C:\Program Files\BricxCC\Examples\2_turn_a.nqc
CreateFile=C:\Program Files\BricxCC\Examples\2_repeat_c.nqc
CreateFile=C:\Program Files\BricxCC\Examples\2_repeat_b.nqc
CreateFile=C:\Program Files\BricxCC\Examples\2_repeat_a.nqc
CreateFile=C:\Program Files\BricxCC\Examples\12_watch.nqc
CreateFile=C:\Program Files\BricxCC\Examples\12_wait.nqc
CreateFile=C:\Program Files\BricxCC\Examples\12_timers.nqc
CreateFile=C:\Program Files\BricxCC\Examples\12_display.nqc
CreateFile=C:\Program Files\BricxCC\Examples\12_datalog.nqc
CreateFile=C:\Program Files\BricxCC\Examples\11_slave.nqc
CreateFile=C:\Program Files\BricxCC\Examples\11_master.nqc
CreateFile=C:\Program Files\BricxCC\Examples\11_leader.nqc
CreateFile=C:\Program Files\BricxCC\Examples\11_acknowledge.nqc
CreateFile=C:\Program Files\BricxCC\Examples\10_wrong.nqc
CreateFile=C:\Program Files\BricxCC\Examples\10_stopping.nqc
CreateFile=C:\Program Files\BricxCC\Examples\10_semaphore.nqc
CreateFile=C:\Program Files\BricxCC\Examples\1_speed.nqc
CreateFile=C:\Program Files\BricxCC\Examples\1_simple.nqc
CreateFile=C:\Program Files\BricxCC\Examples\1_errors.nqc
CreateFile=C:\Program Files\BricxCC\Help\nxc.chm
CreateFile=C:\Program Files\BricxCC\Help\nqc.chm
CreateFile=C:\Program Files\BricxCC\Help\nbc.chm
CreateFile=C:\Program Files\BricxCC\Help\BricxCC.chm
CreateFile=C:\Program Files\BricxCC\Help\NXC.toc
CreateFile=C:\Program Files\BricxCC\Help\NXC.HLP
CreateFile=C:\Program Files\BricxCC\Help\NXC.cnt
CreateFile=C:\Program Files\BricxCC\Help\nqc.toc
CreateFile=C:\Program Files\BricxCC\Help\NQC.HLP
CreateFile=C:\Program Files\BricxCC\Help\NQC.cnt
CreateFile=C:\Program Files\BricxCC\Help\nbc.toc
CreateFile=C:\Program Files\BricxCC\Help\NBC.HLP
CreateFile=C:\Program Files\BricxCC\Help\NBC.cnt
CreateFile=C:\Program Files\BricxCC\Help\bricxcc.toc
CreateFile=C:\Program Files\BricxCC\Help\bricxcc.ohl
CreateFile=C:\Program Files\BricxCC\Help\bricxcc.ohi
CreateFile=C:\Program Files\BricxCC\Help\bricxcc.ohc
CreateFile=C:\Program Files\BricxCC\Help\LEJOS.HLP
CreateFile=C:\Program Files\BricxCC\Help\lejos.cnt
CreateFile=C:\Program Files\BricxCC\Help\PBFORTH.HLP
CreateFile=C:\Program Files\BricxCC\Help\pbforth.cnt
CreateFile=C:\Program Files\BricxCC\Help\BRICKOS.HLP
CreateFile=C:\Program Files\BricxCC\Help\brickos.cnt
CreateFile=C:\Program Files\BricxCC\Help\BricxCC.cnt
CreateFile=C:\Program Files\BricxCC\Help\BRICXCC.HLP
CreateFile=C:\Program Files\BricxCC\nexttool.txt
CreateFile=C:\Program Files\BricxCC\bricktool_docs.html
CreateFile=C:\Program Files\BricxCC\nexttool_docs.html
CreateFile=C:\Program Files\BricxCC\BrickTool.exe
CreateFile=C:\Program Files\BricxCC\NeXTTool.exe
CreateFile=C:\Program Files\BricxCC\index.html
CreateFile=C:\Program Files\BricxCC\License.txt
CreateFile=C:\Program Files\BricxCC\bricxcc.htm
CreateFile=C:\Program Files\BricxCC\bricxcc_docs.html
CreateFile=C:\Program Files\BricxCC\bricxcc_history.htm
CreateFile=C:\Program Files\BricxCC\BricxCC.exe
